Determining if the pthread_create exist failed with the following output:
Change Dir: /home/default/workspace/RandomProjects/Random/testVVPS/FrequentPatternVVPS/build/CMakeFiles/CMakeTmp

Run Build Command:"/usr/bin/make" "cmTC_03227/fast"
/usr/bin/make -f CMakeFiles/cmTC_03227.dir/build.make CMakeFiles/cmTC_03227.dir/build
make[1]: Entering directory '/home/default/workspace/RandomProjects/Random/testVVPS/FrequentPatternVVPS/build/CMakeFiles/CMakeTmp'
Building C object CMakeFiles/cmTC_03227.dir/CheckSymbolExists.c.o
/usr/bin/cc     -o CMakeFiles/cmTC_03227.dir/CheckSymbolExists.c.o   -c /home/default/workspace/RandomProjects/Random/testVVPS/FrequentPatternVVPS/build/CMakeFiles/CMakeTmp/CheckSymbolExists.c
Linking C executable cmTC_03227
/usr/bin/cmake -E cmake_link_script CMakeFiles/cmTC_03227.dir/link.txt --verbose=1
/usr/bin/cc       CMakeFiles/cmTC_03227.dir/CheckSymbolExists.c.o  -o cmTC_03227 -rdynamic 
CMakeFiles/cmTC_03227.dir/CheckSymbolExists.c.o: In function `main':
CheckSymbolExists.c:(.text+0x1b): undefined reference to `pthread_create'
collect2: error: ld returned 1 exit status
CMakeFiles/cmTC_03227.dir/build.make:97: recipe for target 'cmTC_03227' failed
make[1]: *** [cmTC_03227] Error 1
make[1]: Leaving directory '/home/default/workspace/RandomProjects/Random/testVVPS/FrequentPatternVVPS/build/CMakeFiles/CMakeTmp'
Makefile:126: recipe for target 'cmTC_03227/fast' failed
make: *** [cmTC_03227/fast] Error 2

File /home/default/workspace/RandomProjects/Random/testVVPS/FrequentPatternVVPS/build/CMakeFiles/CMakeTmp/CheckSymbolExists.c:
/* */
#include <pthread.h>

int main(int argc, char** argv)
{
  (void)argv;
#ifndef pthread_create
  return ((int*)(&pthread_create))[argc];
#else
  (void)argc;
  return 0;
#endif
}

Determining if the function pthread_create exists in the pthreads failed with the following output:
Change Dir: /home/default/workspace/RandomProjects/Random/testVVPS/FrequentPatternVVPS/build/CMakeFiles/CMakeTmp

Run Build Command:"/usr/bin/make" "cmTC_f774f/fast"
/usr/bin/make -f CMakeFiles/cmTC_f774f.dir/build.make CMakeFiles/cmTC_f774f.dir/build
make[1]: Entering directory '/home/default/workspace/RandomProjects/Random/testVVPS/FrequentPatternVVPS/build/CMakeFiles/CMakeTmp'
Building C object CMakeFiles/cmTC_f774f.dir/CheckFunctionExists.c.o
/usr/bin/cc    -DCHECK_FUNCTION_EXISTS=pthread_create   -o CMakeFiles/cmTC_f774f.dir/CheckFunctionExists.c.o   -c /usr/share/cmake-3.7/Modules/CheckFunctionExists.c
Linking C executable cmTC_f774f
/usr/bin/cmake -E cmake_link_script CMakeFiles/cmTC_f774f.dir/link.txt --verbose=1
/usr/bin/cc   -DCHECK_FUNCTION_EXISTS=pthread_create    CMakeFiles/cmTC_f774f.dir/CheckFunctionExists.c.o  -o cmTC_f774f -rdynamic -lpthreads 
/usr/bin/ld: cannot find -lpthreads
collect2: error: ld returned 1 exit status
CMakeFiles/cmTC_f774f.dir/build.make:97: recipe for target 'cmTC_f774f' failed
make[1]: *** [cmTC_f774f] Error 1
make[1]: Leaving directory '/home/default/workspace/RandomProjects/Random/testVVPS/FrequentPatternVVPS/build/CMakeFiles/CMakeTmp'
Makefile:126: recipe for target 'cmTC_f774f/fast' failed
make: *** [cmTC_f774f/fast] Error 2


